<?xml version="1.0" encoding="UTF-8"?>
<!-- Generated by org.testng.reporters.JUnitXMLReporter -->
<testsuite hostname="dell" ignored="0" name="Command line test" tests="6" failures="0" timestamp="16 Jul 2020 15:54:09 GMT" time="96.322" errors="0">
  <testcase name="verifyBrandModelOptionsListTest" time="49.505" classname="assignment.qa.AppTest"/>
  <testcase name="verifyModelOptionsListTest" time="2.863" classname="assignment.qa.AppTest"/>
  <testcase name="verifyPageLayout" time="0.861" classname="assignment.qa.AppTest"/>
  <testcase name="verifySearchByBrandAndModelTest" time="5.028" classname="assignment.qa.AppTest"/>
  <testcase name="verifySearchByBrandModelKeywordTest" time="5.481" classname="assignment.qa.AppTest"/>
  <testcase name="verifySearchByKeyword" time="1.849" classname="assignment.qa.AppTest"/>
</testsuite> <!-- Command line test -->
