<?xml version="1.0" encoding="UTF-8"?>
<!-- Generated by org.testng.reporters.JUnitXMLReporter -->
<testsuite hostname="dell" ignored="0" name="Command line test" tests="6" failures="0" timestamp="16 Jul 2020 20:41:05 GMT" time="100.415" errors="0">
  <testcase name="verifyBrandModelOptionsListTest" time="48.286" classname="assignment.qa.AppTest"/>
  <testcase name="verifyModelOptionsListTest" time="3.229" classname="assignment.qa.AppTest"/>
  <testcase name="verifyPageLayout" time="0.619" classname="assignment.qa.AppTest"/>
  <testcase name="verifySearchByBrandAndModelTest" time="5.069" classname="assignment.qa.AppTest"/>
  <testcase name="verifySearchByBrandModelKeywordTest" time="6.31" classname="assignment.qa.AppTest"/>
  <testcase name="verifySearchByKeyword" time="1.616" classname="assignment.qa.AppTest"/>
</testsuite> <!-- Command line test -->
