<?xml version="1.0" encoding="UTF-8"?>
<!-- Generated by org.testng.reporters.JUnitXMLReporter -->
<testsuite hostname="dell" ignored="0" name="Default test" tests="6" failures="0" timestamp="15 Jul 2020 12:34:03 GMT" time="109.603" errors="0">
  <testcase name="verifyBrandModelOptionsListTest" time="53.068" classname="Assignment.QAAssignment.QAAssignment"/>
  <testcase name="verifyModelOptionsListTest" time="3.034" classname="Assignment.QAAssignment.QAAssignment"/>
  <testcase name="verifyPageLayout" time="0.474" classname="Assignment.QAAssignment.QAAssignment"/>
  <testcase name="verifySearchByBrandAndModelTest" time="5.43" classname="Assignment.QAAssignment.QAAssignment"/>
  <testcase name="verifySearchByBrandModelKeywordTest" time="5.553" classname="Assignment.QAAssignment.QAAssignment"/>
  <testcase name="verifySearchByKeyword" time="1.718" classname="Assignment.QAAssignment.QAAssignment"/>
</testsuite> <!-- Default test -->
