<?xml version="1.0" encoding="UTF-8"?>
<testng-results skipped="0" failed="0" ignored="0" total="6" passed="6">
  <reporter-output>
  </reporter-output>
  <suite name="assignment.qa.AppTest" duration-ms="95711" started-at="2020-07-17T19:06:59Z" finished-at="2020-07-17T19:08:34Z">
    <groups>
    </groups>
    <test name="Command line test" duration-ms="95711" started-at="2020-07-17T19:06:59Z" finished-at="2020-07-17T19:08:34Z">
      <class name="assignment.qa.AppTest">
        <test-method status="PASS" signature="setUp()[pri:0, instance:assignment.qa.AppTest@402f32ff]" name="setUp" is-config="true" duration-ms="5913" started-at="2020-07-17T19:06:59Z" finished-at="2020-07-17T19:07:05Z">
          <reporter-output>
          </reporter-output>
        </test-method> <!-- setUp -->
        <test-method status="PASS" signature="verifyBrandModelOptionsListTest()[pri:0, instance:assignment.qa.AppTest@402f32ff]" name="verifyBrandModelOptionsListTest" duration-ms="50636" started-at="2020-07-17T19:07:05Z" finished-at="2020-07-17T19:07:55Z">
          <reporter-output>
          </reporter-output>
        </test-method> <!-- verifyBrandModelOptionsListTest -->
        <test-method status="PASS" signature="tearDown()[pri:0, instance:assignment.qa.AppTest@402f32ff]" name="tearDown" is-config="true" duration-ms="902" started-at="2020-07-17T19:07:55Z" finished-at="2020-07-17T19:07:56Z">
          <reporter-output>
          </reporter-output>
        </test-method> <!-- tearDown -->
        <test-method status="PASS" signature="setUp()[pri:0, instance:assignment.qa.AppTest@402f32ff]" name="setUp" is-config="true" duration-ms="3762" started-at="2020-07-17T19:07:56Z" finished-at="2020-07-17T19:08:00Z">
          <reporter-output>
          </reporter-output>
        </test-method> <!-- setUp -->
        <test-method status="PASS" signature="verifyModelOptionsListTest()[pri:0, instance:assignment.qa.AppTest@402f32ff]" name="verifyModelOptionsListTest" duration-ms="2855" started-at="2020-07-17T19:08:00Z" finished-at="2020-07-17T19:08:03Z">
          <reporter-output>
          </reporter-output>
        </test-method> <!-- verifyModelOptionsListTest -->
        <test-method status="PASS" signature="tearDown()[pri:0, instance:assignment.qa.AppTest@402f32ff]" name="tearDown" is-config="true" duration-ms="783" started-at="2020-07-17T19:08:03Z" finished-at="2020-07-17T19:08:03Z">
          <reporter-output>
          </reporter-output>
        </test-method> <!-- tearDown -->
        <test-method status="PASS" signature="setUp()[pri:0, instance:assignment.qa.AppTest@402f32ff]" name="setUp" is-config="true" duration-ms="3685" started-at="2020-07-17T19:08:03Z" finished-at="2020-07-17T19:08:07Z">
          <reporter-output>
          </reporter-output>
        </test-method> <!-- setUp -->
        <test-method status="PASS" signature="verifyPageLayout()[pri:0, instance:assignment.qa.AppTest@402f32ff]" name="verifyPageLayout" duration-ms="488" started-at="2020-07-17T19:08:07Z" finished-at="2020-07-17T19:08:08Z">
          <reporter-output>
          </reporter-output>
        </test-method> <!-- verifyPageLayout -->
        <test-method status="PASS" signature="tearDown()[pri:0, instance:assignment.qa.AppTest@402f32ff]" name="tearDown" is-config="true" duration-ms="866" started-at="2020-07-17T19:08:08Z" finished-at="2020-07-17T19:08:09Z">
          <reporter-output>
          </reporter-output>
        </test-method> <!-- tearDown -->
        <test-method status="PASS" signature="setUp()[pri:0, instance:assignment.qa.AppTest@402f32ff]" name="setUp" is-config="true" duration-ms="3511" started-at="2020-07-17T19:08:09Z" finished-at="2020-07-17T19:08:12Z">
          <reporter-output>
          </reporter-output>
        </test-method> <!-- setUp -->
        <test-method status="PASS" signature="verifySearchByBrandAndModelTest()[pri:0, instance:assignment.qa.AppTest@402f32ff]" name="verifySearchByBrandAndModelTest" duration-ms="5191" started-at="2020-07-17T19:08:12Z" finished-at="2020-07-17T19:08:17Z">
          <reporter-output>
          </reporter-output>
        </test-method> <!-- verifySearchByBrandAndModelTest -->
        <test-method status="PASS" signature="tearDown()[pri:0, instance:assignment.qa.AppTest@402f32ff]" name="tearDown" is-config="true" duration-ms="1051" started-at="2020-07-17T19:08:17Z" finished-at="2020-07-17T19:08:18Z">
          <reporter-output>
          </reporter-output>
        </test-method> <!-- tearDown -->
        <test-method status="PASS" signature="setUp()[pri:0, instance:assignment.qa.AppTest@402f32ff]" name="setUp" is-config="true" duration-ms="3637" started-at="2020-07-17T19:08:18Z" finished-at="2020-07-17T19:08:22Z">
          <reporter-output>
          </reporter-output>
        </test-method> <!-- setUp -->
        <test-method status="PASS" signature="verifySearchByBrandModelKeywordTest()[pri:0, instance:assignment.qa.AppTest@402f32ff]" name="verifySearchByBrandModelKeywordTest" duration-ms="5717" started-at="2020-07-17T19:08:22Z" finished-at="2020-07-17T19:08:28Z">
          <reporter-output>
          </reporter-output>
        </test-method> <!-- verifySearchByBrandModelKeywordTest -->
        <test-method status="PASS" signature="tearDown()[pri:0, instance:assignment.qa.AppTest@402f32ff]" name="tearDown" is-config="true" duration-ms="746" started-at="2020-07-17T19:08:28Z" finished-at="2020-07-17T19:08:28Z">
          <reporter-output>
          </reporter-output>
        </test-method> <!-- tearDown -->
        <test-method status="PASS" signature="setUp()[pri:0, instance:assignment.qa.AppTest@402f32ff]" name="setUp" is-config="true" duration-ms="3566" started-at="2020-07-17T19:08:28Z" finished-at="2020-07-17T19:08:32Z">
          <reporter-output>
          </reporter-output>
        </test-method> <!-- setUp -->
        <test-method status="PASS" signature="verifySearchByKeyword()[pri:0, instance:assignment.qa.AppTest@402f32ff]" name="verifySearchByKeyword" duration-ms="1621" started-at="2020-07-17T19:08:32Z" finished-at="2020-07-17T19:08:34Z">
          <reporter-output>
          </reporter-output>
        </test-method> <!-- verifySearchByKeyword -->
        <test-method status="PASS" signature="tearDown()[pri:0, instance:assignment.qa.AppTest@402f32ff]" name="tearDown" is-config="true" duration-ms="734" started-at="2020-07-17T19:08:34Z" finished-at="2020-07-17T19:08:34Z">
          <reporter-output>
          </reporter-output>
        </test-method> <!-- tearDown -->
      </class> <!-- assignment.qa.AppTest -->
    </test> <!-- Command line test -->
  </suite> <!-- assignment.qa.AppTest -->
</testng-results>
