<?xml version="1.0" encoding="UTF-8"?>
<testng-results skipped="0" failed="0" ignored="0" total="6" passed="6">
  <reporter-output>
  </reporter-output>
  <suite name="assignment.qa.AppTest" duration-ms="100415" started-at="2020-07-16T20:39:24Z" finished-at="2020-07-16T20:41:05Z">
    <groups>
    </groups>
    <test name="Command line test" duration-ms="100415" started-at="2020-07-16T20:39:24Z" finished-at="2020-07-16T20:41:05Z">
      <class name="assignment.qa.AppTest">
        <test-method status="PASS" signature="setUp()[pri:0, instance:assignment.qa.AppTest@402f32ff]" name="setUp" is-config="true" duration-ms="6368" started-at="2020-07-16T20:39:24Z" finished-at="2020-07-16T20:39:31Z">
          <reporter-output>
          </reporter-output>
        </test-method> <!-- setUp -->
        <test-method status="PASS" signature="verifyBrandModelOptionsListTest()[pri:0, instance:assignment.qa.AppTest@402f32ff]" name="verifyBrandModelOptionsListTest" duration-ms="48286" started-at="2020-07-16T20:39:31Z" finished-at="2020-07-16T20:40:19Z">
          <reporter-output>
          </reporter-output>
        </test-method> <!-- verifyBrandModelOptionsListTest -->
        <test-method status="PASS" signature="tearDown()[pri:0, instance:assignment.qa.AppTest@402f32ff]" name="tearDown" is-config="true" duration-ms="1221" started-at="2020-07-16T20:40:19Z" finished-at="2020-07-16T20:40:20Z">
          <reporter-output>
          </reporter-output>
        </test-method> <!-- tearDown -->
        <test-method status="PASS" signature="setUp()[pri:0, instance:assignment.qa.AppTest@402f32ff]" name="setUp" is-config="true" duration-ms="3675" started-at="2020-07-16T20:40:20Z" finished-at="2020-07-16T20:40:24Z">
          <reporter-output>
          </reporter-output>
        </test-method> <!-- setUp -->
        <test-method status="PASS" signature="verifyModelOptionsListTest()[pri:0, instance:assignment.qa.AppTest@402f32ff]" name="verifyModelOptionsListTest" duration-ms="3229" started-at="2020-07-16T20:40:24Z" finished-at="2020-07-16T20:40:27Z">
          <reporter-output>
          </reporter-output>
        </test-method> <!-- verifyModelOptionsListTest -->
        <test-method status="PASS" signature="tearDown()[pri:0, instance:assignment.qa.AppTest@402f32ff]" name="tearDown" is-config="true" duration-ms="762" started-at="2020-07-16T20:40:27Z" finished-at="2020-07-16T20:40:28Z">
          <reporter-output>
          </reporter-output>
        </test-method> <!-- tearDown -->
        <test-method status="PASS" signature="setUp()[pri:0, instance:assignment.qa.AppTest@402f32ff]" name="setUp" is-config="true" duration-ms="3709" started-at="2020-07-16T20:40:28Z" finished-at="2020-07-16T20:40:31Z">
          <reporter-output>
          </reporter-output>
        </test-method> <!-- setUp -->
        <test-method status="PASS" signature="verifyPageLayout()[pri:0, instance:assignment.qa.AppTest@402f32ff]" name="verifyPageLayout" duration-ms="619" started-at="2020-07-16T20:40:31Z" finished-at="2020-07-16T20:40:32Z">
          <reporter-output>
          </reporter-output>
        </test-method> <!-- verifyPageLayout -->
        <test-method status="PASS" signature="tearDown()[pri:0, instance:assignment.qa.AppTest@402f32ff]" name="tearDown" is-config="true" duration-ms="884" started-at="2020-07-16T20:40:32Z" finished-at="2020-07-16T20:40:33Z">
          <reporter-output>
          </reporter-output>
        </test-method> <!-- tearDown -->
        <test-method status="PASS" signature="setUp()[pri:0, instance:assignment.qa.AppTest@402f32ff]" name="setUp" is-config="true" duration-ms="3658" started-at="2020-07-16T20:40:33Z" finished-at="2020-07-16T20:40:37Z">
          <reporter-output>
          </reporter-output>
        </test-method> <!-- setUp -->
        <test-method status="PASS" signature="verifySearchByBrandAndModelTest()[pri:0, instance:assignment.qa.AppTest@402f32ff]" name="verifySearchByBrandAndModelTest" duration-ms="5069" started-at="2020-07-16T20:40:37Z" finished-at="2020-07-16T20:40:42Z">
          <reporter-output>
          </reporter-output>
        </test-method> <!-- verifySearchByBrandAndModelTest -->
        <test-method status="PASS" signature="tearDown()[pri:0, instance:assignment.qa.AppTest@402f32ff]" name="tearDown" is-config="true" duration-ms="5714" started-at="2020-07-16T20:40:42Z" finished-at="2020-07-16T20:40:47Z">
          <reporter-output>
          </reporter-output>
        </test-method> <!-- tearDown -->
        <test-method status="PASS" signature="setUp()[pri:0, instance:assignment.qa.AppTest@402f32ff]" name="setUp" is-config="true" duration-ms="3641" started-at="2020-07-16T20:40:47Z" finished-at="2020-07-16T20:40:51Z">
          <reporter-output>
          </reporter-output>
        </test-method> <!-- setUp -->
        <test-method status="PASS" signature="verifySearchByBrandModelKeywordTest()[pri:0, instance:assignment.qa.AppTest@402f32ff]" name="verifySearchByBrandModelKeywordTest" duration-ms="6310" started-at="2020-07-16T20:40:51Z" finished-at="2020-07-16T20:40:57Z">
          <reporter-output>
          </reporter-output>
        </test-method> <!-- verifySearchByBrandModelKeywordTest -->
        <test-method status="PASS" signature="tearDown()[pri:0, instance:assignment.qa.AppTest@402f32ff]" name="tearDown" is-config="true" duration-ms="775" started-at="2020-07-16T20:40:57Z" finished-at="2020-07-16T20:40:58Z">
          <reporter-output>
          </reporter-output>
        </test-method> <!-- tearDown -->
        <test-method status="PASS" signature="setUp()[pri:0, instance:assignment.qa.AppTest@402f32ff]" name="setUp" is-config="true" duration-ms="4092" started-at="2020-07-16T20:40:58Z" finished-at="2020-07-16T20:41:02Z">
          <reporter-output>
          </reporter-output>
        </test-method> <!-- setUp -->
        <test-method status="PASS" signature="verifySearchByKeyword()[pri:0, instance:assignment.qa.AppTest@402f32ff]" name="verifySearchByKeyword" duration-ms="1616" started-at="2020-07-16T20:41:02Z" finished-at="2020-07-16T20:41:04Z">
          <reporter-output>
          </reporter-output>
        </test-method> <!-- verifySearchByKeyword -->
        <test-method status="PASS" signature="tearDown()[pri:0, instance:assignment.qa.AppTest@402f32ff]" name="tearDown" is-config="true" duration-ms="754" started-at="2020-07-16T20:41:04Z" finished-at="2020-07-16T20:41:05Z">
          <reporter-output>
          </reporter-output>
        </test-method> <!-- tearDown -->
      </class> <!-- assignment.qa.AppTest -->
    </test> <!-- Command line test -->
  </suite> <!-- assignment.qa.AppTest -->
</testng-results>
