<?xml version="1.0" encoding="UTF-8"?>
<testng-results skipped="0" failed="2" ignored="0" total="6" passed="4">
  <reporter-output>
  </reporter-output>
  <suite name="Default suite" duration-ms="195484" started-at="2020-07-16T06:49:49Z" finished-at="2020-07-16T06:53:04Z">
    <groups>
    </groups>
    <test name="Default test" duration-ms="195484" started-at="2020-07-16T06:49:49Z" finished-at="2020-07-16T06:53:04Z">
      <class name="Assignment.QAAssignment.QAAssignment">
        <test-method status="PASS" signature="setUp()[pri:0, instance:Assignment.QAAssignment.QAAssignment@dc24521]" name="setUp" is-config="true" duration-ms="37968" started-at="2020-07-16T06:49:49Z" finished-at="2020-07-16T06:50:27Z">
          <reporter-output>
          </reporter-output>
        </test-method> <!-- setUp -->
        <test-method status="PASS" signature="verifyBrandModelOptionsListTest()[pri:0, instance:Assignment.QAAssignment.QAAssignment@dc24521]" name="verifyBrandModelOptionsListTest" duration-ms="97578" started-at="2020-07-16T06:50:27Z" finished-at="2020-07-16T06:52:05Z">
          <reporter-output>
          </reporter-output>
        </test-method> <!-- verifyBrandModelOptionsListTest -->
        <test-method status="PASS" signature="tearDown()[pri:0, instance:Assignment.QAAssignment.QAAssignment@dc24521]" name="tearDown" is-config="true" duration-ms="3045" started-at="2020-07-16T06:52:05Z" finished-at="2020-07-16T06:52:08Z">
          <reporter-output>
          </reporter-output>
        </test-method> <!-- tearDown -->
        <test-method status="PASS" signature="setUp()[pri:0, instance:Assignment.QAAssignment.QAAssignment@dc24521]" name="setUp" is-config="true" duration-ms="6541" started-at="2020-07-16T06:52:08Z" finished-at="2020-07-16T06:52:14Z">
          <reporter-output>
          </reporter-output>
        </test-method> <!-- setUp -->
        <test-method status="PASS" signature="verifyModelOptionsListTest()[pri:0, instance:Assignment.QAAssignment.QAAssignment@dc24521]" name="verifyModelOptionsListTest" duration-ms="4896" started-at="2020-07-16T06:52:14Z" finished-at="2020-07-16T06:52:19Z">
          <reporter-output>
          </reporter-output>
        </test-method> <!-- verifyModelOptionsListTest -->
        <test-method status="PASS" signature="tearDown()[pri:0, instance:Assignment.QAAssignment.QAAssignment@dc24521]" name="tearDown" is-config="true" duration-ms="2260" started-at="2020-07-16T06:52:19Z" finished-at="2020-07-16T06:52:21Z">
          <reporter-output>
          </reporter-output>
        </test-method> <!-- tearDown -->
        <test-method status="PASS" signature="setUp()[pri:0, instance:Assignment.QAAssignment.QAAssignment@dc24521]" name="setUp" is-config="true" duration-ms="3797" started-at="2020-07-16T06:52:21Z" finished-at="2020-07-16T06:52:25Z">
          <reporter-output>
          </reporter-output>
        </test-method> <!-- setUp -->
        <test-method status="PASS" signature="verifyPageLayout()[pri:0, instance:Assignment.QAAssignment.QAAssignment@dc24521]" name="verifyPageLayout" duration-ms="613" started-at="2020-07-16T06:52:25Z" finished-at="2020-07-16T06:52:26Z">
          <reporter-output>
          </reporter-output>
        </test-method> <!-- verifyPageLayout -->
        <test-method status="PASS" signature="tearDown()[pri:0, instance:Assignment.QAAssignment.QAAssignment@dc24521]" name="tearDown" is-config="true" duration-ms="4504" started-at="2020-07-16T06:52:26Z" finished-at="2020-07-16T06:52:30Z">
          <reporter-output>
          </reporter-output>
        </test-method> <!-- tearDown -->
        <test-method status="PASS" signature="setUp()[pri:0, instance:Assignment.QAAssignment.QAAssignment@dc24521]" name="setUp" is-config="true" duration-ms="3983" started-at="2020-07-16T06:52:30Z" finished-at="2020-07-16T06:52:34Z">
          <reporter-output>
          </reporter-output>
        </test-method> <!-- setUp -->
        <test-method status="PASS" signature="verifySearchByBrandAndModelTest()[pri:0, instance:Assignment.QAAssignment.QAAssignment@dc24521]" name="verifySearchByBrandAndModelTest" duration-ms="6052" started-at="2020-07-16T06:52:34Z" finished-at="2020-07-16T06:52:40Z">
          <reporter-output>
          </reporter-output>
        </test-method> <!-- verifySearchByBrandAndModelTest -->
        <test-method status="PASS" signature="tearDown()[pri:0, instance:Assignment.QAAssignment.QAAssignment@dc24521]" name="tearDown" is-config="true" duration-ms="1468" started-at="2020-07-16T06:52:40Z" finished-at="2020-07-16T06:52:42Z">
          <reporter-output>
          </reporter-output>
        </test-method> <!-- tearDown -->
        <test-method status="PASS" signature="setUp()[pri:0, instance:Assignment.QAAssignment.QAAssignment@dc24521]" name="setUp" is-config="true" duration-ms="3748" started-at="2020-07-16T06:52:42Z" finished-at="2020-07-16T06:52:46Z">
          <reporter-output>
          </reporter-output>
        </test-method> <!-- setUp -->
        <test-method status="FAIL" signature="verifySearchByBrandModelKeywordTest()[pri:0, instance:Assignment.QAAssignment.QAAssignment@dc24521]" name="verifySearchByBrandModelKeywordTest" duration-ms="5148" started-at="2020-07-16T06:52:46Z" finished-at="2020-07-16T06:52:51Z">
          <exception class="java.lang.NullPointerException">
            <full-stacktrace>
              <![CDATA[java.lang.NullPointerException
at org.openqa.selenium.remote.RemoteWebElement.isSelected(RemoteWebElement.java:162)
at java.util.stream.ReferencePipeline$2$1.accept(Unknown Source)
at java.util.ArrayList$ArrayListSpliterator.tryAdvance(Unknown Source)
at java.util.stream.ReferencePipeline.forEachWithCancel(Unknown Source)
at java.util.stream.AbstractPipeline.copyIntoWithCancel(Unknown Source)
at java.util.stream.AbstractPipeline.copyInto(Unknown Source)
at java.util.stream.AbstractPipeline.wrapAndCopyInto(Unknown Source)
at java.util.stream.FindOps$FindOp.evaluateSequential(Unknown Source)
at java.util.stream.AbstractPipeline.evaluate(Unknown Source)
at java.util.stream.ReferencePipeline.findFirst(Unknown Source)
at org.openqa.selenium.support.ui.Select.getFirstSelectedOption(Select.java:97)
at Assignment.QAAssignment.QAAssignment.verifySearchByBrandModelKeywordTest(QAAssignment.java:80)
at sun.reflect.NativeMethodAccessorImpl.invoke0(Native Method)
at sun.reflect.NativeMethodAccessorImpl.invoke(Unknown Source)
at sun.reflect.DelegatingMethodAccessorImpl.invoke(Unknown Source)
at java.lang.reflect.Method.invoke(Unknown Source)
at org.testng.internal.MethodInvocationHelper.invokeMethod(MethodInvocationHelper.java:124)
at org.testng.internal.Invoker.invokeMethod(Invoker.java:580)
at org.testng.internal.Invoker.invokeTestMethod(Invoker.java:716)
at org.testng.internal.Invoker.invokeTestMethods(Invoker.java:988)
at org.testng.internal.TestMethodWorker.invokeTestMethods(TestMethodWorker.java:125)
at org.testng.internal.TestMethodWorker.run(TestMethodWorker.java:109)
at org.testng.TestRunner.privateRun(TestRunner.java:648)
at org.testng.TestRunner.run(TestRunner.java:505)
at org.testng.SuiteRunner.runTest(SuiteRunner.java:455)
at org.testng.SuiteRunner.runSequentially(SuiteRunner.java:450)
at org.testng.SuiteRunner.privateRun(SuiteRunner.java:415)
at org.testng.SuiteRunner.run(SuiteRunner.java:364)
at org.testng.SuiteRunnerWorker.runSuite(SuiteRunnerWorker.java:52)
at org.testng.SuiteRunnerWorker.run(SuiteRunnerWorker.java:84)
at org.testng.TestNG.runSuitesSequentially(TestNG.java:1208)
at org.testng.TestNG.runSuitesLocally(TestNG.java:1137)
at org.testng.TestNG.runSuites(TestNG.java:1049)
at org.testng.TestNG.run(TestNG.java:1017)
at org.testng.remote.AbstractRemoteTestNG.run(AbstractRemoteTestNG.java:114)
at org.testng.remote.RemoteTestNG.initAndRun(RemoteTestNG.java:251)
at org.testng.remote.RemoteTestNG.main(RemoteTestNG.java:77)
]]>
            </full-stacktrace>
          </exception> <!-- java.lang.NullPointerException -->
          <reporter-output>
          </reporter-output>
        </test-method> <!-- verifySearchByBrandModelKeywordTest -->
        <test-method status="PASS" signature="tearDown()[pri:0, instance:Assignment.QAAssignment.QAAssignment@dc24521]" name="tearDown" is-config="true" duration-ms="1859" started-at="2020-07-16T06:52:51Z" finished-at="2020-07-16T06:52:53Z">
          <reporter-output>
          </reporter-output>
        </test-method> <!-- tearDown -->
        <test-method status="PASS" signature="setUp()[pri:0, instance:Assignment.QAAssignment.QAAssignment@dc24521]" name="setUp" is-config="true" duration-ms="4178" started-at="2020-07-16T06:52:53Z" finished-at="2020-07-16T06:52:57Z">
          <reporter-output>
          </reporter-output>
        </test-method> <!-- setUp -->
        <test-method status="FAIL" signature="verifySearchByKeyword()[pri:0, instance:Assignment.QAAssignment.QAAssignment@dc24521]" name="verifySearchByKeyword" duration-ms="7095" started-at="2020-07-16T06:52:57Z" finished-at="2020-07-16T06:53:04Z">
          <exception class="org.openqa.selenium.WebDriverException">
            <message>
              <![CDATA[chrome not reachable
  (Session info: chrome=83.0.4103.116)
Build info: version: '4.0.0-alpha-6', revision: '5f43a29cfc'
System info: host: 'DELL', ip: '192.168.178.17', os.name: 'Windows 8.1', os.arch: 'amd64', os.version: '6.3', java.version: '1.8.0_144'
Driver info: org.openqa.selenium.chrome.ChromeDriver
Capabilities {acceptInsecureCerts: false, browserName: chrome, browserVersion: 83.0.4103.116, chrome: {chromedriverVersion: 83.0.4103.39 (ccbf011cb2d2b..., userDataDir: C:\Users\DELLPC~1\AppData\L...}, goog:chromeOptions: {debuggerAddress: localhost:49293}, javascriptEnabled: true, networkConnectionEnabled: false, pageLoadStrategy: normal, platform: WINDOWS, platformName: WINDOWS, proxy: Proxy(), setWindowRect: true, strictFileInteractability: false, timeouts: {implicit: 0, pageLoad: 300000, script: 30000}, unhandledPromptBehavior: dismiss and notify, webauthn:virtualAuthenticators: true}
Session ID: 2272a9609b53fd42a09e4e7ba9d5fb1a]]>
            </message>
            <full-stacktrace>
              <![CDATA[org.openqa.selenium.WebDriverException: chrome not reachable
  (Session info: chrome=83.0.4103.116)
Build info: version: '4.0.0-alpha-6', revision: '5f43a29cfc'
System info: host: 'DELL', ip: '192.168.178.17', os.name: 'Windows 8.1', os.arch: 'amd64', os.version: '6.3', java.version: '1.8.0_144'
Driver info: org.openqa.selenium.chrome.ChromeDriver
Capabilities {acceptInsecureCerts: false, browserName: chrome, browserVersion: 83.0.4103.116, chrome: {chromedriverVersion: 83.0.4103.39 (ccbf011cb2d2b..., userDataDir: C:\Users\DELLPC~1\AppData\L...}, goog:chromeOptions: {debuggerAddress: localhost:49293}, javascriptEnabled: true, networkConnectionEnabled: false, pageLoadStrategy: normal, platform: WINDOWS, platformName: WINDOWS, proxy: Proxy(), setWindowRect: true, strictFileInteractability: false, timeouts: {implicit: 0, pageLoad: 300000, script: 30000}, unhandledPromptBehavior: dismiss and notify, webauthn:virtualAuthenticators: true}
Session ID: 2272a9609b53fd42a09e4e7ba9d5fb1a
at sun.reflect.NativeConstructorAccessorImpl.newInstance0(Native Method)
at sun.reflect.NativeConstructorAccessorImpl.newInstance(Unknown Source)
at sun.reflect.DelegatingConstructorAccessorImpl.newInstance(Unknown Source)
at java.lang.reflect.Constructor.newInstance(Unknown Source)
at org.openqa.selenium.remote.codec.w3c.W3CHttpResponseCodec.createException(W3CHttpResponseCodec.java:196)
at org.openqa.selenium.remote.codec.w3c.W3CHttpResponseCodec.decode(W3CHttpResponseCodec.java:129)
at org.openqa.selenium.remote.codec.w3c.W3CHttpResponseCodec.decode(W3CHttpResponseCodec.java:53)
at org.openqa.selenium.remote.HttpCommandExecutor.execute(HttpCommandExecutor.java:160)
at org.openqa.selenium.remote.service.DriverCommandExecutor.execute(DriverCommandExecutor.java:83)
at org.openqa.selenium.remote.RemoteWebDriver.execute(RemoteWebDriver.java:582)
at org.openqa.selenium.remote.RemoteWebElement.execute(RemoteWebElement.java:316)
at org.openqa.selenium.remote.RemoteWebElement.sendKeys(RemoteWebElement.java:115)
at Assignment.QAAssignment.QAAssignment.verifySearchByKeyword(QAAssignment.java:102)
at sun.reflect.NativeMethodAccessorImpl.invoke0(Native Method)
at sun.reflect.NativeMethodAccessorImpl.invoke(Unknown Source)
at sun.reflect.DelegatingMethodAccessorImpl.invoke(Unknown Source)
at java.lang.reflect.Method.invoke(Unknown Source)
at org.testng.internal.MethodInvocationHelper.invokeMethod(MethodInvocationHelper.java:124)
at org.testng.internal.Invoker.invokeMethod(Invoker.java:580)
at org.testng.internal.Invoker.invokeTestMethod(Invoker.java:716)
at org.testng.internal.Invoker.invokeTestMethods(Invoker.java:988)
at org.testng.internal.TestMethodWorker.invokeTestMethods(TestMethodWorker.java:125)
at org.testng.internal.TestMethodWorker.run(TestMethodWorker.java:109)
at org.testng.TestRunner.privateRun(TestRunner.java:648)
at org.testng.TestRunner.run(TestRunner.java:505)
at org.testng.SuiteRunner.runTest(SuiteRunner.java:455)
at org.testng.SuiteRunner.runSequentially(SuiteRunner.java:450)
at org.testng.SuiteRunner.privateRun(SuiteRunner.java:415)
at org.testng.SuiteRunner.run(SuiteRunner.java:364)
at org.testng.SuiteRunnerWorker.runSuite(SuiteRunnerWorker.java:52)
at org.testng.SuiteRunnerWorker.run(SuiteRunnerWorker.java:84)
at org.testng.TestNG.runSuitesSequentially(TestNG.java:1208)
at org.testng.TestNG.runSuitesLocally(TestNG.java:1137)
at org.testng.TestNG.runSuites(TestNG.java:1049)
at org.testng.TestNG.run(TestNG.java:1017)
at org.testng.remote.AbstractRemoteTestNG.run(AbstractRemoteTestNG.java:114)
at org.testng.remote.RemoteTestNG.initAndRun(RemoteTestNG.java:251)
at org.testng.remote.RemoteTestNG.main(RemoteTestNG.java:77)
]]>
            </full-stacktrace>
          </exception> <!-- org.openqa.selenium.WebDriverException -->
          <reporter-output>
          </reporter-output>
        </test-method> <!-- verifySearchByKeyword -->
        <test-method status="PASS" signature="tearDown()[pri:0, instance:Assignment.QAAssignment.QAAssignment@dc24521]" name="tearDown" is-config="true" duration-ms="585" started-at="2020-07-16T06:53:04Z" finished-at="2020-07-16T06:53:04Z">
          <reporter-output>
          </reporter-output>
        </test-method> <!-- tearDown -->
      </class> <!-- Assignment.QAAssignment.QAAssignment -->
    </test> <!-- Default test -->
  </suite> <!-- Default suite -->
</testng-results>
